# Server version 0.08 running on 192.168.0.100:8123
# Game ID: 1067
# Board class: hus.HusBoard
# Timeout: 6000
# First Move Timeout: 30000
# Date: Tue Mar 15 14:54:53 EDT 2016
# Player 1: Player-0, 'WeightTest6', running on localhost
# Player 2: Player-1, 'JianHua-test', running on localhost
START Player-0 WeightTest6
START Player-1 JianHua-test
PIT 0 18
PIT 1 20
PIT 0 7
PIT 1 1
PIT 0 14
PIT 1 21
PIT 0 18
PIT 1 17
PIT 0 19
PIT 1 16
PIT 0 20
PIT 1 20
PIT 0 21
PIT 1 23
PIT 0 3
PIT 1 30
PIT 0 28
PIT 1 21
PIT 0 30
PIT 1 25
PIT 0 25
PIT 1 29
PIT 0 0
PIT 1 31
PIT 0 1
PIT 1 12
PIT 0 26
PIT 1 17
PIT 0 27
PIT 1 24
PIT 0 29
PIT 1 26
PIT 0 31
PIT 1 8
PIT 0 6
PIT 1 11
PIT 0 3
PIT 1 29
PIT 0 5
PIT 1 16
PIT 0 6
PIT 1 24
PIT 0 12
PIT 1 21
PIT 0 7
PIT 1 29
PIT 0 9
PIT 1 22
PIT 0 8
PIT 1 11
PIT 0 4
PIT 1 9
PIT 0 0
PIT 1 31
PIT 0 14
PIT 1 17
PIT 0 11
PIT 1 22
PIT 0 13
PIT 1 6
PIT 0 18
PIT 1 18
GAMEOVER WINNER 1
# Game ended: Tue Mar 15 14:55:45 EDT 2016
