# Server version 0.08 running on 192.168.0.101:8123
# Game ID: 1217
# Board class: hus.HusBoard
# Timeout: 6000
# First Move Timeout: 30000
# Date: Sun Mar 27 23:37:48 EDT 2016
# Player 1: Player-0, '260351181', running on localhost
# Player 2: Player-1, 'JianHua-AlphaBeta', running on localhost
START Player-0 260351181
START Player-1 JianHua-AlphaBeta
PIT 0 23
PIT 1 22
PIT 0 4
PIT 1 7
PIT 0 25
PIT 1 16
PIT 0 16
PIT 1 14
PIT 0 29
PIT 1 18
PIT 0 22
PIT 1 24
PIT 0 17
PIT 1 23
PIT 0 21
PIT 1 25
PIT 0 31
PIT 1 26
PIT 0 28
PIT 1 31
PIT 0 26
PIT 1 10
PIT 0 17
PIT 1 7
PIT 0 23
PIT 1 8
PIT 0 2
PIT 1 0
PIT 0 3
PIT 1 9
PIT 0 26
PIT 1 10
PIT 0 23
PIT 1 1
PIT 0 22
PIT 1 14
PIT 0 23
PIT 1 6
PIT 0 0
PIT 1 7
PIT 0 1
PIT 1 9
PIT 0 2
PIT 1 4
PIT 0 17
PIT 1 10
PIT 0 26
PIT 1 13
PIT 0 21
PIT 1 11
PIT 0 27
PIT 1 16
PIT 0 26
PIT 1 18
PIT 0 23
PIT 1 20
PIT 0 25
PIT 1 21
PIT 0 10
PIT 1 22
PIT 0 27
PIT 1 23
PIT 0 26
PIT 1 24
PIT 0 22
PIT 1 25
PIT 0 9
PIT 1 26
PIT 0 31
PIT 1 27
PIT 0 2
PIT 1 28
PIT 0 27
GAMEOVER WINNER 0
# Game ended: Sun Mar 27 23:39:11 EDT 2016
