# Server version 0.08 running on 192.168.0.100:8123
# Game ID: 516
# Board class: hus.HusBoard
# Timeout: 6000
# First Move Timeout: 30000
# Date: Sun Feb 28 23:13:37 EST 2016
# Player 1: Player-0, 'WeightTest', running on localhost
# Player 2: Player-1, 'JianHua-test', running on localhost
START Player-0 WeightTest
START Player-1 JianHua-test
PIT 0 0
PIT 1 20
PIT 0 7
PIT 1 1
PIT 0 13
PIT 1 21
PIT 0 15
PIT 1 8
PIT 0 17
PIT 1 17
PIT 0 6
PIT 1 20
PIT 0 8
PIT 1 21
PIT 0 14
PIT 1 22
PIT 0 12
PIT 1 19
PIT 0 9
PIT 1 27
PIT 0 1
PIT 1 25
PIT 0 16
PIT 1 16
PIT 0 15
PIT 1 29
PIT 0 26
PIT 1 30
GAMEOVER WINNER 1
# Game ended: Sun Feb 28 23:13:45 EST 2016
