# Server version 0.08 running on wpa078252.wireless.mcgill.ca:8123
# Game ID: 1525
# Board class: hus.HusBoard
# Timeout: 8000
# First Move Timeout: 30000
# Date: Wed Apr 06 13:45:54 EDT 2016
# Player 1: Player-0, 'WeightTest8', running on wpa078252.wireless.mcgill.ca
# Player 2: Player-1, 'Test', running on wpa078252.wireless.mcgill.ca
START Player-0 WeightTest8
START Player-1 Test
PIT 0 23
PIT 1 20
PIT 0 22
PIT 1 1
PIT 0 19
PIT 1 21
PIT 0 24
PIT 1 7
PIT 0 18
PIT 1 26
PIT 0 23
PIT 1 25
PIT 0 27
PIT 1 13
PIT 0 6
PIT 1 24
PIT 0 8
PIT 1 18
PIT 0 23
PIT 1 26
PIT 0 18
PIT 1 28
PIT 0 22
PIT 1 29
PIT 0 27
PIT 1 31
PIT 0 13
PIT 1 0
PIT 0 17
PIT 1 2
PIT 0 16
PIT 1 4
PIT 0 5
PIT 1 5
PIT 0 13
PIT 1 10
PIT 0 31
PIT 1 8
PIT 0 3
PIT 1 9
PIT 0 6
PIT 1 10
PIT 0 4
PIT 1 11
PIT 0 30
PIT 1 14
PIT 0 5
PIT 1 13
PIT 0 7
PIT 1 12
PIT 0 8
PIT 1 15
PIT 0 30
PIT 1 16
PIT 0 21
GAMEOVER WINNER 0
# Game ended: Wed Apr 06 13:46:24 EDT 2016
