# Server version 0.08 running on asavpn232167.vpn.mcgill.ca:8123
# Game ID: 902
# Board class: hus.HusBoard
# Timeout: 6000
# First Move Timeout: 30000
# Date: Fri Mar 04 22:45:48 EST 2016
# Player 1: Player-0, 'JianHua-AlphaBeta', running on localhost
# Player 2: Player-1, 'IterativeDeepening', running on localhost
START Player-0 JianHua-AlphaBeta
START Player-1 IterativeDeepening
PIT 0 0
PIT 1 20
PIT 0 10
PIT 1 3
PIT 0 4
PIT 1 16
PIT 0 18
PIT 1 9
PIT 0 21
PIT 1 15
PIT 0 26
PIT 1 1
PIT 0 22
PIT 1 7
PIT 0 27
PIT 1 2
PIT 0 2
PIT 1 23
PIT 0 31
PIT 1 4
PIT 0 7
PIT 1 0
PIT 0 18
PIT 1 3
PIT 0 20
PIT 1 9
PIT 0 16
GAMEOVER WINNER 0
# Game ended: Fri Mar 04 22:45:49 EST 2016
