# Server version 0.08 running on 192.168.0.101:8123
# Game ID: 1095
# Board class: hus.HusBoard
# Timeout: 6000
# First Move Timeout: 30000
# Date: Sun Mar 20 10:44:09 EDT 2016
# Player 1: Player-0, '260351181', running on localhost
# Player 2: Player-1, 'WeightTest6', running on localhost
START Player-0 260351181
START Player-1 WeightTest6
PIT 0 23
PIT 1 22
PIT 0 22
PIT 1 4
PIT 0 25
PIT 1 21
PIT 0 15
PIT 1 19
PIT 0 18
PIT 1 18
PIT 0 20
PIT 1 13
PIT 0 25
PIT 1 16
PIT 0 23
PIT 1 24
PIT 0 5
PIT 1 28
PIT 0 6
PIT 1 1
PIT 0 14
PIT 1 4
PIT 0 19
PIT 1 3
PIT 0 21
PIT 1 17
PIT 0 16
PIT 1 25
PIT 0 23
PIT 1 16
PIT 0 26
PIT 1 9
PIT 0 25
PIT 1 17
PIT 0 22
PIT 1 24
PIT 0 26
PIT 1 27
PIT 0 27
PIT 1 23
PIT 0 24
PIT 1 28
PIT 0 31
PIT 1 22
PIT 0 29
PIT 1 0
PIT 0 14
PIT 1 2
PIT 0 17
PIT 1 24
PIT 0 20
PIT 1 5
PIT 0 18
PIT 1 1
PIT 0 4
PIT 1 7
PIT 0 12
PIT 1 10
PIT 0 29
PIT 1 8
PIT 0 20
PIT 1 9
PIT 0 11
PIT 1 6
PIT 0 19
PIT 1 12
PIT 0 27
PIT 1 13
PIT 0 9
PIT 1 16
PIT 0 22
PIT 1 19
PIT 0 30
PIT 1 15
PIT 0 31
PIT 1 17
PIT 0 23
PIT 1 20
PIT 0 24
PIT 1 18
PIT 0 21
GAMEOVER WINNER 0
# Game ended: Sun Mar 20 10:45:13 EDT 2016
