# Server version 0.08 running on asavpn23587.vpn.mcgill.ca:8123
# Game ID: 184
# Board class: hus.HusBoard
# Timeout: 6000
# First Move Timeout: 30000
# Date: Fri Feb 19 22:32:46 EST 2016
# Player 1: Player-0, 'JianHua-AlphaBeta', running on asavpn23587.vpn.mcgill.ca
# Player 2: Player-1, 'RandomHusPlayer', running on asavpn23587.vpn.mcgill.ca
START Player-0 JianHua-AlphaBeta
START Player-1 RandomHusPlayer
PIT 0 6
PIT 1 9
PIT 0 15
PIT 1 18
PIT 0 9
PIT 1 21
PIT 0 7
PIT 1 3
PIT 0 13
PIT 1 13
PIT 0 0
PIT 1 0
PIT 0 16
PIT 1 10
PIT 0 19
GAMEOVER WINNER 0
# Game ended: Fri Feb 19 22:32:51 EST 2016
