# Server version 0.08 running on 192.168.0.100:8123
# Game ID: 278
# Board class: hus.HusBoard
# Timeout: 6000
# First Move Timeout: 30000
# Date: Sat Feb 20 15:11:46 EST 2016
# Player 1: Player-0, 'JianHua-test', running on 192.168.0.100
# Player 2: Player-1, 'RandomHusPlayer', running on 192.168.0.100
START Player-0 JianHua-test
START Player-1 RandomHusPlayer
PIT 0 22
PIT 1 3
PIT 0 21
PIT 1 9
PIT 0 24
PIT 1 22
PIT 0 23
PIT 1 4
PIT 0 15
PIT 1 2
PIT 0 17
PIT 1 1
PIT 0 12
PIT 1 0
PIT 0 7
PIT 1 5
PIT 0 16
PIT 1 6
PIT 0 23
PIT 1 15
PIT 0 1
PIT 1 9
PIT 0 26
PIT 1 10
PIT 0 28
PIT 1 11
PIT 0 12
PIT 1 12
PIT 0 22
PIT 1 13
PIT 0 17
PIT 1 14
PIT 0 16
PIT 1 15
PIT 0 17
GAMEOVER WINNER 0
# Game ended: Sat Feb 20 15:11:54 EST 2016
