# Server version 0.08 running on asavpn23444.vpn.mcgill.ca:8123
# Game ID: 33
# Board class: hus.HusBoard
# Timeout: 2000
# First Move Timeout: 30000
# Date: Wed Feb 17 19:43:04 EST 2016
# Player 1: Player-0, 'RandomHusPlayer', running on localhost
# Player 2: Player-1, 'JianHua', running on localhost
START Player-0 RandomHusPlayer
START Player-1 JianHua
PIT 0 0
PIT 1 21
PIT 0 3
PIT 1 22
PIT 0 12
PIT 1 13
PIT 0 21
PIT 1 28
PIT 0 25
PIT 1 19
PIT 0 5
GAMEOVER ILLEGAL MOVE: Player 1 plays pit 19 WINNER 0
# Game ended: Wed Feb 17 19:43:04 EST 2016
