# Server version 0.08 running on asavpn23599.vpn.mcgill.ca:8123
# Game ID: 1843
# Board class: hus.HusBoard
# Timeout: 15000
# First Move Timeout: 30000
# Date: Mon May 16 21:21:49 EDT 2016
# Player 1: Player-0, '260351181', running on asavpn23599.vpn.mcgill.ca
# Player 2: Player-1, 'NegaMaxID', running on asavpn23599.vpn.mcgill.ca
START Player-0 260351181
START Player-1 NegaMaxID
PIT 0 23
PIT 1 20
PIT 0 2
PIT 1 23
PIT 0 24
PIT 1 7
PIT 0 11
PIT 1 13
PIT 0 6
PIT 1 5
PIT 0 8
PIT 1 1
PIT 0 22
PIT 1 19
PIT 0 17
PIT 1 23
PIT 0 29
PIT 1 18
PIT 0 19
PIT 1 0
PIT 0 22
PIT 1 1
PIT 0 24
PIT 1 2
PIT 0 0
PIT 1 30
PIT 0 1
PIT 1 28
PIT 0 12
PIT 1 26
PIT 0 3
PIT 1 0
PIT 0 7
PIT 1 5
PIT 0 26
PIT 1 25
PIT 0 31
PIT 1 6
PIT 0 13
GAMEOVER USER CANCEL UNDECIDED
# Game ended: Mon May 16 21:26:57 EDT 2016
