# Server version 0.08 running on wpa151084.wireless.mcgill.ca:8124
# Game ID: 1456
# Board class: hus.HusBoard
# Timeout: 180000
# First Move Timeout: 180000
# Date: Tue Apr 05 12:04:43 EDT 2016
# Player 1: Player-0, '260351181', running on wpa151084.wireless.mcgill.ca
# Player 2: Player-1, 'MC', running on wpa144029.wireless.mcgill.ca
START Player-0 260351181
START Player-1 MC
PIT 0 23
PIT 1 22
PIT 0 4
PIT 1 19
PIT 0 13
PIT 1 21
PIT 0 27
PIT 1 20
PIT 0 17
PIT 1 25
PIT 0 26
PIT 1 16
PIT 0 21
PIT 1 3
PIT 0 29
PIT 1 29
PIT 0 3
PIT 1 8
PIT 0 23
PIT 1 30
PIT 0 22
PIT 1 28
PIT 0 27
PIT 1 7
PIT 0 30
PIT 1 27
PIT 0 4
PIT 1 30
PIT 0 12
PIT 1 29
PIT 0 15
PIT 1 5
PIT 0 24
PIT 1 8
PIT 0 16
PIT 1 2
PIT 0 3
PIT 1 23
PIT 0 17
PIT 1 13
PIT 0 29
PIT 1 11
PIT 0 27
PIT 1 9
PIT 0 15
PIT 1 16
PIT 0 1
PIT 1 18
PIT 0 17
GAMEOVER WINNER 0
# Game ended: Tue Apr 05 12:06:21 EDT 2016
